<?xml version="1.0" encoding="UTF-8"?>
<testsuite xmlns:xsi="http://www.w3.org/2001/XMLSchema-instance" xsi:noNamespaceSchemaLocation="https://maven.apache.org/surefire/maven-surefire-plugin/xsd/surefire-test-report-3.0.xsd" version="3.0" name="fr.imt.shay.machine.CoffeeMachineUnitTest" time="28.37" tests="15" errors="0" skipped="1" failures="0">
  <properties>
    <property name="java.specification.version" value="19"/>
    <property name="sun.cpu.isalist" value="amd64"/>
    <property name="sun.jnu.encoding" value="Cp1252"/>
    <property name="java.class.path" value="D:\2023-2024\S9\cours-maven-2023\coffee-machine\machine\target\test-classes;D:\2023-2024\S9\cours-maven-2023\coffee-machine\machine\target\classes;D:\2023-2024\S9\cours-maven-2023\coffee-machine\storage\target\storage-1.0-SNAPSHOT.jar;C:\Users\tlemc\.m2\repository\org\junit\jupiter\junit-jupiter-api\5.9.1\junit-jupiter-api-5.9.1.jar;C:\Users\tlemc\.m2\repository\org\opentest4j\opentest4j\1.2.0\opentest4j-1.2.0.jar;C:\Users\tlemc\.m2\repository\org\junit\platform\junit-platform-commons\1.9.1\junit-platform-commons-1.9.1.jar;C:\Users\tlemc\.m2\repository\org\apiguardian\apiguardian-api\1.1.2\apiguardian-api-1.1.2.jar;C:\Users\tlemc\.m2\repository\org\junit\vintage\junit-vintage-engine\5.9.1\junit-vintage-engine-5.9.1.jar;C:\Users\tlemc\.m2\repository\org\junit\platform\junit-platform-engine\1.9.1\junit-platform-engine-1.9.1.jar;C:\Users\tlemc\.m2\repository\junit\junit\4.13.2\junit-4.13.2.jar;C:\Users\tlemc\.m2\repository\org\hamcrest\hamcrest-core\1.3\hamcrest-core-1.3.jar;C:\Users\tlemc\.m2\repository\org\mockito\mockito-core\4.8.0\mockito-core-4.8.0.jar;C:\Users\tlemc\.m2\repository\net\bytebuddy\byte-buddy\1.12.14\byte-buddy-1.12.14.jar;C:\Users\tlemc\.m2\repository\net\bytebuddy\byte-buddy-agent\1.12.14\byte-buddy-agent-1.12.14.jar;C:\Users\tlemc\.m2\repository\org\objenesis\objenesis\3.2\objenesis-3.2.jar;C:\Users\tlemc\.m2\repository\org\hamcrest\hamcrest\2.2\hamcrest-2.2.jar;C:\Users\tlemc\.m2\repository\io\cucumber\cucumber-java\7.8.1\cucumber-java-7.8.1.jar;C:\Users\tlemc\.m2\repository\io\cucumber\cucumber-core\7.8.1\cucumber-core-7.8.1.jar;C:\Users\tlemc\.m2\repository\io\cucumber\cucumber-gherkin\7.8.1\cucumber-gherkin-7.8.1.jar;C:\Users\tlemc\.m2\repository\io\cucumber\cucumber-gherkin-messages\7.8.1\cucumber-gherkin-messages-7.8.1.jar;C:\Users\tlemc\.m2\repository\io\cucumber\gherkin\24.0.0\gherkin-24.0.0.jar;C:\Users\tlemc\.m2\repository\io\cucumber\messages\19.1.4\messages-19.1.4.jar;C:\Users\tlemc\.m2\repository\io\cucumber\tag-expressions\4.1.0\tag-expressions-4.1.0.jar;C:\Users\tlemc\.m2\repository\io\cucumber\cucumber-expressions\16.0.0\cucumber-expressions-16.0.0.jar;C:\Users\tlemc\.m2\repository\io\cucumber\datatable\7.8.1\datatable-7.8.1.jar;C:\Users\tlemc\.m2\repository\io\cucumber\cucumber-plugin\7.8.1\cucumber-plugin-7.8.1.jar;C:\Users\tlemc\.m2\repository\io\cucumber\docstring\7.8.1\docstring-7.8.1.jar;C:\Users\tlemc\.m2\repository\io\cucumber\html-formatter\20.1.0\html-formatter-20.1.0.jar;C:\Users\tlemc\.m2\repository\io\cucumber\ci-environment\9.1.0\ci-environment-9.1.0.jar;C:\Users\tlemc\.m2\repository\io\cucumber\cucumber-junit\7.8.1\cucumber-junit-7.8.1.jar;C:\Users\tlemc\.m2\repository\org\apache\logging\log4j\log4j-core\2.21.1\log4j-core-2.21.1.jar;C:\Users\tlemc\.m2\repository\org\apache\logging\log4j\log4j-api\2.21.1\log4j-api-2.21.1.jar;"/>
    <property name="java.vm.vendor" value="Oracle Corporation"/>
    <property name="sun.arch.data.model" value="64"/>
    <property name="user.variant" value=""/>
    <property name="java.vendor.url" value="https://java.oracle.com/"/>
    <property name="user.timezone" value="Europe/Paris"/>
    <property name="os.name" value="Windows 11"/>
    <property name="java.vm.specification.version" value="19"/>
    <property name="sun.java.launcher" value="SUN_STANDARD"/>
    <property name="user.country" value="FR"/>
    <property name="sun.boot.library.path" value="C:\Tools\JAVA\JDK\19\bin"/>
    <property name="sun.java.command" value="C:\Users\tlemc\AppData\Local\Temp\surefire15950434395966841684\surefirebooter-20231213103041052_3.jar C:\Users\tlemc\AppData\Local\Temp\surefire15950434395966841684 2023-12-13T10-30-39_892-jvmRun1 surefire-20231213103041052_1tmp surefire_0-20231213103041052_2tmp"/>
    <property name="jdk.debug" value="release"/>
    <property name="surefire.test.class.path" value="D:\2023-2024\S9\cours-maven-2023\coffee-machine\machine\target\test-classes;D:\2023-2024\S9\cours-maven-2023\coffee-machine\machine\target\classes;D:\2023-2024\S9\cours-maven-2023\coffee-machine\storage\target\storage-1.0-SNAPSHOT.jar;C:\Users\tlemc\.m2\repository\org\junit\jupiter\junit-jupiter-api\5.9.1\junit-jupiter-api-5.9.1.jar;C:\Users\tlemc\.m2\repository\org\opentest4j\opentest4j\1.2.0\opentest4j-1.2.0.jar;C:\Users\tlemc\.m2\repository\org\junit\platform\junit-platform-commons\1.9.1\junit-platform-commons-1.9.1.jar;C:\Users\tlemc\.m2\repository\org\apiguardian\apiguardian-api\1.1.2\apiguardian-api-1.1.2.jar;C:\Users\tlemc\.m2\repository\org\junit\vintage\junit-vintage-engine\5.9.1\junit-vintage-engine-5.9.1.jar;C:\Users\tlemc\.m2\repository\org\junit\platform\junit-platform-engine\1.9.1\junit-platform-engine-1.9.1.jar;C:\Users\tlemc\.m2\repository\junit\junit\4.13.2\junit-4.13.2.jar;C:\Users\tlemc\.m2\repository\org\hamcrest\hamcrest-core\1.3\hamcrest-core-1.3.jar;C:\Users\tlemc\.m2\repository\org\mockito\mockito-core\4.8.0\mockito-core-4.8.0.jar;C:\Users\tlemc\.m2\repository\net\bytebuddy\byte-buddy\1.12.14\byte-buddy-1.12.14.jar;C:\Users\tlemc\.m2\repository\net\bytebuddy\byte-buddy-agent\1.12.14\byte-buddy-agent-1.12.14.jar;C:\Users\tlemc\.m2\repository\org\objenesis\objenesis\3.2\objenesis-3.2.jar;C:\Users\tlemc\.m2\repository\org\hamcrest\hamcrest\2.2\hamcrest-2.2.jar;C:\Users\tlemc\.m2\repository\io\cucumber\cucumber-java\7.8.1\cucumber-java-7.8.1.jar;C:\Users\tlemc\.m2\repository\io\cucumber\cucumber-core\7.8.1\cucumber-core-7.8.1.jar;C:\Users\tlemc\.m2\repository\io\cucumber\cucumber-gherkin\7.8.1\cucumber-gherkin-7.8.1.jar;C:\Users\tlemc\.m2\repository\io\cucumber\cucumber-gherkin-messages\7.8.1\cucumber-gherkin-messages-7.8.1.jar;C:\Users\tlemc\.m2\repository\io\cucumber\gherkin\24.0.0\gherkin-24.0.0.jar;C:\Users\tlemc\.m2\repository\io\cucumber\messages\19.1.4\messages-19.1.4.jar;C:\Users\tlemc\.m2\repository\io\cucumber\tag-expressions\4.1.0\tag-expressions-4.1.0.jar;C:\Users\tlemc\.m2\repository\io\cucumber\cucumber-expressions\16.0.0\cucumber-expressions-16.0.0.jar;C:\Users\tlemc\.m2\repository\io\cucumber\datatable\7.8.1\datatable-7.8.1.jar;C:\Users\tlemc\.m2\repository\io\cucumber\cucumber-plugin\7.8.1\cucumber-plugin-7.8.1.jar;C:\Users\tlemc\.m2\repository\io\cucumber\docstring\7.8.1\docstring-7.8.1.jar;C:\Users\tlemc\.m2\repository\io\cucumber\html-formatter\20.1.0\html-formatter-20.1.0.jar;C:\Users\tlemc\.m2\repository\io\cucumber\ci-environment\9.1.0\ci-environment-9.1.0.jar;C:\Users\tlemc\.m2\repository\io\cucumber\cucumber-junit\7.8.1\cucumber-junit-7.8.1.jar;C:\Users\tlemc\.m2\repository\org\apache\logging\log4j\log4j-core\2.21.1\log4j-core-2.21.1.jar;C:\Users\tlemc\.m2\repository\org\apache\logging\log4j\log4j-api\2.21.1\log4j-api-2.21.1.jar;"/>
    <property name="sun.cpu.endian" value="little"/>
    <property name="user.home" value="C:\Users\tlemc"/>
    <property name="user.language" value="fr"/>
    <property name="java.specification.vendor" value="Oracle Corporation"/>
    <property name="java.version.date" value="2023-01-17"/>
    <property name="java.home" value="C:\Tools\JAVA\JDK\19"/>
    <property name="file.separator" value="\"/>
    <property name="basedir" value="D:\2023-2024\S9\cours-maven-2023\coffee-machine\machine"/>
    <property name="java.vm.compressedOopsMode" value="Zero based"/>
    <property name="line.separator" value="&#10;"/>
    <property name="java.vm.specification.vendor" value="Oracle Corporation"/>
    <property name="java.specification.name" value="Java Platform API Specification"/>
    <property name="surefire.real.class.path" value="C:\Users\tlemc\AppData\Local\Temp\surefire15950434395966841684\surefirebooter-20231213103041052_3.jar"/>
    <property name="user.script" value=""/>
    <property name="sun.management.compiler" value="HotSpot 64-Bit Tiered Compilers"/>
    <property name="java.runtime.version" value="19.0.2+7-44"/>
    <property name="user.name" value="tlemc"/>
    <property name="stdout.encoding" value="Cp1252"/>
    <property name="path.separator" value=";"/>
    <property name="os.version" value="10.0"/>
    <property name="java.runtime.name" value="Java(TM) SE Runtime Environment"/>
    <property name="file.encoding" value="UTF-8"/>
    <property name="java.vm.name" value="Java HotSpot(TM) 64-Bit Server VM"/>
    <property name="localRepository" value="C:\Users\tlemc\.m2\repository"/>
    <property name="java.vendor.url.bug" value="https://bugreport.java.com/bugreport/"/>
    <property name="java.io.tmpdir" value="C:\Users\tlemc\AppData\Local\Temp\"/>
    <property name="idea.version" value="2023.3.1"/>
    <property name="java.version" value="19.0.2"/>
    <property name="user.dir" value="D:\2023-2024\S9\cours-maven-2023\coffee-machine\machine"/>
    <property name="os.arch" value="amd64"/>
    <property name="java.vm.specification.name" value="Java Virtual Machine Specification"/>
    <property name="sun.os.patch.level" value=""/>
    <property name="native.encoding" value="Cp1252"/>
    <property name="java.library.path" value="C:\Tools\JAVA\JDK\19\bin;C:\WINDOWS\Sun\Java\bin;C:\WINDOWS\system32;C:\WINDOWS;C:\Python312\Scripts\;C:\Python312\;C:\Tools\JAVA\JDK\18\bin;C:\Tools\apache-maven-3.9.6\bin;C:\WINDOWS\system32;C:\WINDOWS;C:\WINDOWS\System32\Wbem;C:\WINDOWS\System32\WindowsPowerShell\v1.0\;C:\WINDOWS\System32\OpenSSH\;C:\Program Files\Common Files\Oracle\Java\javapath;C:\Tools\Git\cmd;C:\ProgramData\chocolatey\bin;C:\Tools\NodeJS\;C:\Tools\JAVA\JDK\17\bin;C:\Users\tlemc\AppData\Local\Microsoft\WindowsApps;C:\Users\tlemc\AppData\Roaming\npm;C:\Users\tlemc\AppData\Local\Programs\Microsoft VS Code\bin;."/>
    <property name="java.vm.info" value="mixed mode, sharing"/>
    <property name="stderr.encoding" value="Cp1252"/>
    <property name="java.vendor" value="Oracle Corporation"/>
    <property name="java.vm.version" value="19.0.2+7-44"/>
    <property name="sun.io.unicode.encoding" value="UnicodeLittle"/>
    <property name="java.class.version" value="63.0"/>
  </properties>
  <testcase name="" classname="fr.imt.shay.machine.CoffeeMachineCucumberFunctionalTest" time="0">
    <skipped/>
  </testcase>
  <testcase name="TestMakeCoffeeAndLackOfWater" classname="fr.imt.shay.machine.CoffeeMachineUnitTest" time="0.854">
    <system-out><![CDATA[10:30:42.922 [main] ERROR fr.imt.shay.machine.machine.CoffeeMachine - LackOfWaterInTankException: You must add more water in the water tank.
]]></system-out>
  </testcase>
  <testcase name="testMachineFailureTrue" classname="fr.imt.shay.machine.CoffeeMachineUnitTest" time="0.092"/>
  <testcase name="testMakeACoffeeCremaException" classname="fr.imt.shay.machine.CoffeeMachineUnitTest" time="0.023">
    <system-out><![CDATA[10:30:43.047 [main] ERROR fr.imt.shay.machine.machine.CoffeeMachine - CannotMakeCremaWithSimpleCoffeeMachine: You cannot make an espresso with a CoffeeMachine, please use EspressoCoffeeMachine
]]></system-out>
  </testcase>
  <testcase name="TestToString" classname="fr.imt.shay.machine.CoffeeMachineUnitTest" time="0.011"/>
  <testcase name="TestAddCoffeeBeanTank" classname="fr.imt.shay.machine.CoffeeMachineUnitTest" time="0.001"/>
  <testcase name="TestMakeCoffeeAndMachineUnplugged" classname="fr.imt.shay.machine.CoffeeMachineUnitTest" time="0.003">
    <system-out><![CDATA[10:30:43.063 [main] ERROR fr.imt.shay.machine.machine.CoffeeMachine - MachineNotPluggedException: You must plug your coffee machine.
]]></system-out>
  </testcase>
  <testcase name="testPlugMachine" classname="fr.imt.shay.machine.CoffeeMachineUnitTest" time="0.001"/>
  <testcase name="testMakeACoffeeInCup" classname="fr.imt.shay.machine.CoffeeMachineUnitTest" time="9.003"/>
  <testcase name="testMakeACoffeeInMug" classname="fr.imt.shay.machine.CoffeeMachineUnitTest" time="18.318"/>
  <testcase name="testMakeACoffeeDifferentCoffeeTypeException" classname="fr.imt.shay.machine.CoffeeMachineUnitTest" time="0.006">
    <system-out><![CDATA[10:31:10.402 [main] ERROR fr.imt.shay.machine.machine.CoffeeMachine - CoffeeTypeCupDifferentOfCoffeeTypeTankException: The type of coffee to be made in the cup is different from that in the tank.
]]></system-out>
  </testcase>
  <testcase name="TestChangeNbCoffeeMade" classname="fr.imt.shay.machine.CoffeeMachineUnitTest" time="0.003"/>
  <testcase name="testMakeACoffeeCupNotEmptyException" classname="fr.imt.shay.machine.CoffeeMachineUnitTest" time="0.002">
    <system-out><![CDATA[10:31:10.410 [main] ERROR fr.imt.shay.machine.machine.CoffeeMachine - CupNotEmptyException: The cup must be empty for coffee preparation.
]]></system-out>
  </testcase>
  <testcase name="testMachineFailureFalse" classname="fr.imt.shay.machine.CoffeeMachineUnitTest" time="0.002"/>
  <testcase name="testMakeACoffeeOutOfOrderException" classname="fr.imt.shay.machine.CoffeeMachineUnitTest" time="0.002"/>
</testsuite>